<?xml version="1.0" encoding="UTF-8"?>
<testsuite xmlns:xsi="http://www.w3.org/2001/XMLSchema-instance" xsi:noNamespaceSchemaLocation="https://maven.apache.org/surefire/maven-surefire-plugin/xsd/surefire-test-report-3.0.xsd" version="3.0" name="com.example.order_management.OrderManagementApplicationTests" time="4.247" tests="1" errors="0" skipped="0" failures="0">
  <properties>
    <property name="java.specification.version" value="17"/>
    <property name="sun.jnu.encoding" value="UTF-8"/>
    <property name="java.class.path" value="/Users/mhmnazem/Developer/OrderManagement/order-management/target/test-classes:/Users/mhmnazem/Developer/OrderManagement/order-management/target/classes:/Users/mhmnazem/.m2/repository/org/springframework/boot/spring-boot-starter-data-jpa/3.2.10-SNAPSHOT/spring-boot-starter-data-jpa-3.2.10-SNAPSHOT.jar:/Users/mhmnazem/.m2/repository/org/springframework/boot/spring-boot-starter-aop/3.2.10-SNAPSHOT/spring-boot-starter-aop-3.2.10-SNAPSHOT.jar:/Users/mhmnazem/.m2/repository/org/aspectj/aspectjweaver/1.9.22.1/aspectjweaver-1.9.22.1.jar:/Users/mhmnazem/.m2/repository/org/springframework/boot/spring-boot-starter-jdbc/3.2.10-SNAPSHOT/spring-boot-starter-jdbc-3.2.10-SNAPSHOT.jar:/Users/mhmnazem/.m2/repository/com/zaxxer/HikariCP/5.0.1/HikariCP-5.0.1.jar:/Users/mhmnazem/.m2/repository/org/springframework/spring-jdbc/6.1.12/spring-jdbc-6.1.12.jar:/Users/mhmnazem/.m2/repository/org/hibernate/orm/hibernate-core/6.4.10.Final/hibernate-core-6.4.10.Final.jar:/Users/mhmnazem/.m2/repository/jakarta/persistence/jakarta.persistence-api/3.1.0/jakarta.persistence-api-3.1.0.jar:/Users/mhmnazem/.m2/repository/jakarta/transaction/jakarta.transaction-api/2.0.1/jakarta.transaction-api-2.0.1.jar:/Users/mhmnazem/.m2/repository/org/jboss/logging/jboss-logging/3.5.3.Final/jboss-logging-3.5.3.Final.jar:/Users/mhmnazem/.m2/repository/org/hibernate/common/hibernate-commons-annotations/6.0.6.Final/hibernate-commons-annotations-6.0.6.Final.jar:/Users/mhmnazem/.m2/repository/io/smallrye/jandex/3.1.2/jandex-3.1.2.jar:/Users/mhmnazem/.m2/repository/com/fasterxml/classmate/1.6.0/classmate-1.6.0.jar:/Users/mhmnazem/.m2/repository/net/bytebuddy/byte-buddy/1.14.19/byte-buddy-1.14.19.jar:/Users/mhmnazem/.m2/repository/org/glassfish/jaxb/jaxb-runtime/4.0.5/jaxb-runtime-4.0.5.jar:/Users/mhmnazem/.m2/repository/org/glassfish/jaxb/jaxb-core/4.0.5/jaxb-core-4.0.5.jar:/Users/mhmnazem/.m2/repository/org/eclipse/angus/angus-activation/2.0.2/angus-activation-2.0.2.jar:/Users/mhmnazem/.m2/repository/org/glassfish/jaxb/txw2/4.0.5/txw2-4.0.5.jar:/Users/mhmnazem/.m2/repository/com/sun/istack/istack-commons-runtime/4.1.2/istack-commons-runtime-4.1.2.jar:/Users/mhmnazem/.m2/repository/jakarta/inject/jakarta.inject-api/2.0.1/jakarta.inject-api-2.0.1.jar:/Users/mhmnazem/.m2/repository/org/antlr/antlr4-runtime/4.13.0/antlr4-runtime-4.13.0.jar:/Users/mhmnazem/.m2/repository/org/springframework/data/spring-data-jpa/3.2.9/spring-data-jpa-3.2.9.jar:/Users/mhmnazem/.m2/repository/org/springframework/data/spring-data-commons/3.2.9/spring-data-commons-3.2.9.jar:/Users/mhmnazem/.m2/repository/org/springframework/spring-orm/6.1.12/spring-orm-6.1.12.jar:/Users/mhmnazem/.m2/repository/org/springframework/spring-context/6.1.12/spring-context-6.1.12.jar:/Users/mhmnazem/.m2/repository/org/springframework/spring-tx/6.1.12/spring-tx-6.1.12.jar:/Users/mhmnazem/.m2/repository/org/springframework/spring-beans/6.1.12/spring-beans-6.1.12.jar:/Users/mhmnazem/.m2/repository/jakarta/annotation/jakarta.annotation-api/2.1.1/jakarta.annotation-api-2.1.1.jar:/Users/mhmnazem/.m2/repository/org/slf4j/slf4j-api/2.0.16/slf4j-api-2.0.16.jar:/Users/mhmnazem/.m2/repository/org/springframework/spring-aspects/6.1.12/spring-aspects-6.1.12.jar:/Users/mhmnazem/.m2/repository/org/springframework/boot/spring-boot-starter-security/3.2.10-SNAPSHOT/spring-boot-starter-security-3.2.10-SNAPSHOT.jar:/Users/mhmnazem/.m2/repository/org/springframework/boot/spring-boot-starter/3.2.10-SNAPSHOT/spring-boot-starter-3.2.10-SNAPSHOT.jar:/Users/mhmnazem/.m2/repository/org/springframework/boot/spring-boot-starter-logging/3.2.10-SNAPSHOT/spring-boot-starter-logging-3.2.10-SNAPSHOT.jar:/Users/mhmnazem/.m2/repository/ch/qos/logback/logback-classic/1.4.14/logback-classic-1.4.14.jar:/Users/mhmnazem/.m2/repository/ch/qos/logback/logback-core/1.4.14/logback-core-1.4.14.jar:/Users/mhmnazem/.m2/repository/org/apache/logging/log4j/log4j-to-slf4j/2.21.1/log4j-to-slf4j-2.21.1.jar:/Users/mhmnazem/.m2/repository/org/apache/logging/log4j/log4j-api/2.21.1/log4j-api-2.21.1.jar:/Users/mhmnazem/.m2/repository/org/slf4j/jul-to-slf4j/2.0.16/jul-to-slf4j-2.0.16.jar:/Users/mhmnazem/.m2/repository/org/yaml/snakeyaml/2.2/snakeyaml-2.2.jar:/Users/mhmnazem/.m2/repository/org/springframework/spring-aop/6.1.12/spring-aop-6.1.12.jar:/Users/mhmnazem/.m2/repository/org/springframework/security/spring-security-config/6.2.6/spring-security-config-6.2.6.jar:/Users/mhmnazem/.m2/repository/org/springframework/security/spring-security-web/6.2.6/spring-security-web-6.2.6.jar:/Users/mhmnazem/.m2/repository/org/springframework/spring-expression/6.1.12/spring-expression-6.1.12.jar:/Users/mhmnazem/.m2/repository/org/springframework/boot/spring-boot-starter-web/3.2.10-SNAPSHOT/spring-boot-starter-web-3.2.10-SNAPSHOT.jar:/Users/mhmnazem/.m2/repository/org/springframework/boot/spring-boot-starter-json/3.2.10-SNAPSHOT/spring-boot-starter-json-3.2.10-SNAPSHOT.jar:/Users/mhmnazem/.m2/repository/com/fasterxml/jackson/core/jackson-databind/2.15.4/jackson-databind-2.15.4.jar:/Users/mhmnazem/.m2/repository/com/fasterxml/jackson/core/jackson-annotations/2.15.4/jackson-annotations-2.15.4.jar:/Users/mhmnazem/.m2/repository/com/fasterxml/jackson/core/jackson-core/2.15.4/jackson-core-2.15.4.jar:/Users/mhmnazem/.m2/repository/com/fasterxml/jackson/datatype/jackson-datatype-jdk8/2.15.4/jackson-datatype-jdk8-2.15.4.jar:/Users/mhmnazem/.m2/repository/com/fasterxml/jackson/datatype/jackson-datatype-jsr310/2.15.4/jackson-datatype-jsr310-2.15.4.jar:/Users/mhmnazem/.m2/repository/com/fasterxml/jackson/module/jackson-module-parameter-names/2.15.4/jackson-module-parameter-names-2.15.4.jar:/Users/mhmnazem/.m2/repository/org/springframework/boot/spring-boot-starter-tomcat/3.2.10-SNAPSHOT/spring-boot-starter-tomcat-3.2.10-SNAPSHOT.jar:/Users/mhmnazem/.m2/repository/org/apache/tomcat/embed/tomcat-embed-core/10.1.28/tomcat-embed-core-10.1.28.jar:/Users/mhmnazem/.m2/repository/org/apache/tomcat/embed/tomcat-embed-el/10.1.28/tomcat-embed-el-10.1.28.jar:/Users/mhmnazem/.m2/repository/org/apache/tomcat/embed/tomcat-embed-websocket/10.1.28/tomcat-embed-websocket-10.1.28.jar:/Users/mhmnazem/.m2/repository/org/springframework/spring-web/6.1.12/spring-web-6.1.12.jar:/Users/mhmnazem/.m2/repository/io/micrometer/micrometer-observation/1.12.9/micrometer-observation-1.12.9.jar:/Users/mhmnazem/.m2/repository/io/micrometer/micrometer-commons/1.12.9/micrometer-commons-1.12.9.jar:/Users/mhmnazem/.m2/repository/org/springframework/spring-webmvc/6.1.12/spring-webmvc-6.1.12.jar:/Users/mhmnazem/.m2/repository/org/springframework/boot/spring-boot-devtools/3.2.10-SNAPSHOT/spring-boot-devtools-3.2.10-SNAPSHOT.jar:/Users/mhmnazem/.m2/repository/org/springframework/boot/spring-boot/3.2.10-SNAPSHOT/spring-boot-3.2.10-SNAPSHOT.jar:/Users/mhmnazem/.m2/repository/org/springframework/boot/spring-boot-autoconfigure/3.2.10-SNAPSHOT/spring-boot-autoconfigure-3.2.10-SNAPSHOT.jar:/Users/mhmnazem/.m2/repository/com/h2database/h2/2.2.224/h2-2.2.224.jar:/Users/mhmnazem/.m2/repository/org/projectlombok/lombok/1.18.34/lombok-1.18.34.jar:/Users/mhmnazem/.m2/repository/org/springframework/boot/spring-boot-starter-test/3.2.10-SNAPSHOT/spring-boot-starter-test-3.2.10-SNAPSHOT.jar:/Users/mhmnazem/.m2/repository/org/springframework/boot/spring-boot-test/3.2.10-SNAPSHOT/spring-boot-test-3.2.10-SNAPSHOT.jar:/Users/mhmnazem/.m2/repository/org/springframework/boot/spring-boot-test-autoconfigure/3.2.10-SNAPSHOT/spring-boot-test-autoconfigure-3.2.10-SNAPSHOT.jar:/Users/mhmnazem/.m2/repository/com/jayway/jsonpath/json-path/2.9.0/json-path-2.9.0.jar:/Users/mhmnazem/.m2/repository/jakarta/xml/bind/jakarta.xml.bind-api/4.0.2/jakarta.xml.bind-api-4.0.2.jar:/Users/mhmnazem/.m2/repository/jakarta/activation/jakarta.activation-api/2.1.3/jakarta.activation-api-2.1.3.jar:/Users/mhmnazem/.m2/repository/net/minidev/json-smart/2.5.1/json-smart-2.5.1.jar:/Users/mhmnazem/.m2/repository/net/minidev/accessors-smart/2.5.1/accessors-smart-2.5.1.jar:/Users/mhmnazem/.m2/repository/org/ow2/asm/asm/9.6/asm-9.6.jar:/Users/mhmnazem/.m2/repository/org/assertj/assertj-core/3.24.2/assertj-core-3.24.2.jar:/Users/mhmnazem/.m2/repository/org/awaitility/awaitility/4.2.2/awaitility-4.2.2.jar:/Users/mhmnazem/.m2/repository/org/hamcrest/hamcrest/2.2/hamcrest-2.2.jar:/Users/mhmnazem/.m2/repository/org/junit/jupiter/junit-jupiter/5.10.3/junit-jupiter-5.10.3.jar:/Users/mhmnazem/.m2/repository/org/junit/jupiter/junit-jupiter-api/5.10.3/junit-jupiter-api-5.10.3.jar:/Users/mhmnazem/.m2/repository/org/opentest4j/opentest4j/1.3.0/opentest4j-1.3.0.jar:/Users/mhmnazem/.m2/repository/org/junit/platform/junit-platform-commons/1.10.3/junit-platform-commons-1.10.3.jar:/Users/mhmnazem/.m2/repository/org/apiguardian/apiguardian-api/1.1.2/apiguardian-api-1.1.2.jar:/Users/mhmnazem/.m2/repository/org/junit/jupiter/junit-jupiter-params/5.10.3/junit-jupiter-params-5.10.3.jar:/Users/mhmnazem/.m2/repository/org/junit/jupiter/junit-jupiter-engine/5.10.3/junit-jupiter-engine-5.10.3.jar:/Users/mhmnazem/.m2/repository/org/junit/platform/junit-platform-engine/1.10.3/junit-platform-engine-1.10.3.jar:/Users/mhmnazem/.m2/repository/org/mockito/mockito-core/5.7.0/mockito-core-5.7.0.jar:/Users/mhmnazem/.m2/repository/net/bytebuddy/byte-buddy-agent/1.14.19/byte-buddy-agent-1.14.19.jar:/Users/mhmnazem/.m2/repository/org/objenesis/objenesis/3.3/objenesis-3.3.jar:/Users/mhmnazem/.m2/repository/org/mockito/mockito-junit-jupiter/5.7.0/mockito-junit-jupiter-5.7.0.jar:/Users/mhmnazem/.m2/repository/org/skyscreamer/jsonassert/1.5.3/jsonassert-1.5.3.jar:/Users/mhmnazem/.m2/repository/com/vaadin/external/google/android-json/0.0.20131108.vaadin1/android-json-0.0.20131108.vaadin1.jar:/Users/mhmnazem/.m2/repository/org/springframework/spring-core/6.1.12/spring-core-6.1.12.jar:/Users/mhmnazem/.m2/repository/org/springframework/spring-jcl/6.1.12/spring-jcl-6.1.12.jar:/Users/mhmnazem/.m2/repository/org/springframework/spring-test/6.1.12/spring-test-6.1.12.jar:/Users/mhmnazem/.m2/repository/org/xmlunit/xmlunit-core/2.9.1/xmlunit-core-2.9.1.jar:/Users/mhmnazem/.m2/repository/org/springframework/security/spring-security-test/6.2.6/spring-security-test-6.2.6.jar:/Users/mhmnazem/.m2/repository/org/springframework/security/spring-security-core/6.2.6/spring-security-core-6.2.6.jar:/Users/mhmnazem/.m2/repository/org/springframework/security/spring-security-crypto/6.2.6/spring-security-crypto-6.2.6.jar:"/>
    <property name="java.vm.vendor" value="Oracle Corporation"/>
    <property name="sun.arch.data.model" value="64"/>
    <property name="java.vendor.url" value="https://java.oracle.com/"/>
    <property name="user.timezone" value="Europe/Berlin"/>
    <property name="org.jboss.logging.provider" value="slf4j"/>
    <property name="os.name" value="Mac OS X"/>
    <property name="java.vm.specification.version" value="17"/>
    <property name="sun.java.launcher" value="SUN_STANDARD"/>
    <property name="user.country" value="US"/>
    <property name="sun.boot.library.path" value="/Library/Java/JavaVirtualMachines/jdk-17.0.8.jdk/Contents/Home/lib"/>
    <property name="sun.java.command" value="/Users/mhmnazem/Developer/OrderManagement/order-management/target/surefire/surefirebooter-20240822210745576_3.jar /Users/mhmnazem/Developer/OrderManagement/order-management/target/surefire 2024-08-22T21-07-44_955-jvmRun1 surefire-20240822210745576_1tmp surefire_0-20240822210745576_2tmp"/>
    <property name="http.nonProxyHosts" value="local|*.local|169.254/16|*.169.254/16"/>
    <property name="jdk.debug" value="release"/>
    <property name="surefire.test.class.path" value="/Users/mhmnazem/Developer/OrderManagement/order-management/target/test-classes:/Users/mhmnazem/Developer/OrderManagement/order-management/target/classes:/Users/mhmnazem/.m2/repository/org/springframework/boot/spring-boot-starter-data-jpa/3.2.10-SNAPSHOT/spring-boot-starter-data-jpa-3.2.10-SNAPSHOT.jar:/Users/mhmnazem/.m2/repository/org/springframework/boot/spring-boot-starter-aop/3.2.10-SNAPSHOT/spring-boot-starter-aop-3.2.10-SNAPSHOT.jar:/Users/mhmnazem/.m2/repository/org/aspectj/aspectjweaver/1.9.22.1/aspectjweaver-1.9.22.1.jar:/Users/mhmnazem/.m2/repository/org/springframework/boot/spring-boot-starter-jdbc/3.2.10-SNAPSHOT/spring-boot-starter-jdbc-3.2.10-SNAPSHOT.jar:/Users/mhmnazem/.m2/repository/com/zaxxer/HikariCP/5.0.1/HikariCP-5.0.1.jar:/Users/mhmnazem/.m2/repository/org/springframework/spring-jdbc/6.1.12/spring-jdbc-6.1.12.jar:/Users/mhmnazem/.m2/repository/org/hibernate/orm/hibernate-core/6.4.10.Final/hibernate-core-6.4.10.Final.jar:/Users/mhmnazem/.m2/repository/jakarta/persistence/jakarta.persistence-api/3.1.0/jakarta.persistence-api-3.1.0.jar:/Users/mhmnazem/.m2/repository/jakarta/transaction/jakarta.transaction-api/2.0.1/jakarta.transaction-api-2.0.1.jar:/Users/mhmnazem/.m2/repository/org/jboss/logging/jboss-logging/3.5.3.Final/jboss-logging-3.5.3.Final.jar:/Users/mhmnazem/.m2/repository/org/hibernate/common/hibernate-commons-annotations/6.0.6.Final/hibernate-commons-annotations-6.0.6.Final.jar:/Users/mhmnazem/.m2/repository/io/smallrye/jandex/3.1.2/jandex-3.1.2.jar:/Users/mhmnazem/.m2/repository/com/fasterxml/classmate/1.6.0/classmate-1.6.0.jar:/Users/mhmnazem/.m2/repository/net/bytebuddy/byte-buddy/1.14.19/byte-buddy-1.14.19.jar:/Users/mhmnazem/.m2/repository/org/glassfish/jaxb/jaxb-runtime/4.0.5/jaxb-runtime-4.0.5.jar:/Users/mhmnazem/.m2/repository/org/glassfish/jaxb/jaxb-core/4.0.5/jaxb-core-4.0.5.jar:/Users/mhmnazem/.m2/repository/org/eclipse/angus/angus-activation/2.0.2/angus-activation-2.0.2.jar:/Users/mhmnazem/.m2/repository/org/glassfish/jaxb/txw2/4.0.5/txw2-4.0.5.jar:/Users/mhmnazem/.m2/repository/com/sun/istack/istack-commons-runtime/4.1.2/istack-commons-runtime-4.1.2.jar:/Users/mhmnazem/.m2/repository/jakarta/inject/jakarta.inject-api/2.0.1/jakarta.inject-api-2.0.1.jar:/Users/mhmnazem/.m2/repository/org/antlr/antlr4-runtime/4.13.0/antlr4-runtime-4.13.0.jar:/Users/mhmnazem/.m2/repository/org/springframework/data/spring-data-jpa/3.2.9/spring-data-jpa-3.2.9.jar:/Users/mhmnazem/.m2/repository/org/springframework/data/spring-data-commons/3.2.9/spring-data-commons-3.2.9.jar:/Users/mhmnazem/.m2/repository/org/springframework/spring-orm/6.1.12/spring-orm-6.1.12.jar:/Users/mhmnazem/.m2/repository/org/springframework/spring-context/6.1.12/spring-context-6.1.12.jar:/Users/mhmnazem/.m2/repository/org/springframework/spring-tx/6.1.12/spring-tx-6.1.12.jar:/Users/mhmnazem/.m2/repository/org/springframework/spring-beans/6.1.12/spring-beans-6.1.12.jar:/Users/mhmnazem/.m2/repository/jakarta/annotation/jakarta.annotation-api/2.1.1/jakarta.annotation-api-2.1.1.jar:/Users/mhmnazem/.m2/repository/org/slf4j/slf4j-api/2.0.16/slf4j-api-2.0.16.jar:/Users/mhmnazem/.m2/repository/org/springframework/spring-aspects/6.1.12/spring-aspects-6.1.12.jar:/Users/mhmnazem/.m2/repository/org/springframework/boot/spring-boot-starter-security/3.2.10-SNAPSHOT/spring-boot-starter-security-3.2.10-SNAPSHOT.jar:/Users/mhmnazem/.m2/repository/org/springframework/boot/spring-boot-starter/3.2.10-SNAPSHOT/spring-boot-starter-3.2.10-SNAPSHOT.jar:/Users/mhmnazem/.m2/repository/org/springframework/boot/spring-boot-starter-logging/3.2.10-SNAPSHOT/spring-boot-starter-logging-3.2.10-SNAPSHOT.jar:/Users/mhmnazem/.m2/repository/ch/qos/logback/logback-classic/1.4.14/logback-classic-1.4.14.jar:/Users/mhmnazem/.m2/repository/ch/qos/logback/logback-core/1.4.14/logback-core-1.4.14.jar:/Users/mhmnazem/.m2/repository/org/apache/logging/log4j/log4j-to-slf4j/2.21.1/log4j-to-slf4j-2.21.1.jar:/Users/mhmnazem/.m2/repository/org/apache/logging/log4j/log4j-api/2.21.1/log4j-api-2.21.1.jar:/Users/mhmnazem/.m2/repository/org/slf4j/jul-to-slf4j/2.0.16/jul-to-slf4j-2.0.16.jar:/Users/mhmnazem/.m2/repository/org/yaml/snakeyaml/2.2/snakeyaml-2.2.jar:/Users/mhmnazem/.m2/repository/org/springframework/spring-aop/6.1.12/spring-aop-6.1.12.jar:/Users/mhmnazem/.m2/repository/org/springframework/security/spring-security-config/6.2.6/spring-security-config-6.2.6.jar:/Users/mhmnazem/.m2/repository/org/springframework/security/spring-security-web/6.2.6/spring-security-web-6.2.6.jar:/Users/mhmnazem/.m2/repository/org/springframework/spring-expression/6.1.12/spring-expression-6.1.12.jar:/Users/mhmnazem/.m2/repository/org/springframework/boot/spring-boot-starter-web/3.2.10-SNAPSHOT/spring-boot-starter-web-3.2.10-SNAPSHOT.jar:/Users/mhmnazem/.m2/repository/org/springframework/boot/spring-boot-starter-json/3.2.10-SNAPSHOT/spring-boot-starter-json-3.2.10-SNAPSHOT.jar:/Users/mhmnazem/.m2/repository/com/fasterxml/jackson/core/jackson-databind/2.15.4/jackson-databind-2.15.4.jar:/Users/mhmnazem/.m2/repository/com/fasterxml/jackson/core/jackson-annotations/2.15.4/jackson-annotations-2.15.4.jar:/Users/mhmnazem/.m2/repository/com/fasterxml/jackson/core/jackson-core/2.15.4/jackson-core-2.15.4.jar:/Users/mhmnazem/.m2/repository/com/fasterxml/jackson/datatype/jackson-datatype-jdk8/2.15.4/jackson-datatype-jdk8-2.15.4.jar:/Users/mhmnazem/.m2/repository/com/fasterxml/jackson/datatype/jackson-datatype-jsr310/2.15.4/jackson-datatype-jsr310-2.15.4.jar:/Users/mhmnazem/.m2/repository/com/fasterxml/jackson/module/jackson-module-parameter-names/2.15.4/jackson-module-parameter-names-2.15.4.jar:/Users/mhmnazem/.m2/repository/org/springframework/boot/spring-boot-starter-tomcat/3.2.10-SNAPSHOT/spring-boot-starter-tomcat-3.2.10-SNAPSHOT.jar:/Users/mhmnazem/.m2/repository/org/apache/tomcat/embed/tomcat-embed-core/10.1.28/tomcat-embed-core-10.1.28.jar:/Users/mhmnazem/.m2/repository/org/apache/tomcat/embed/tomcat-embed-el/10.1.28/tomcat-embed-el-10.1.28.jar:/Users/mhmnazem/.m2/repository/org/apache/tomcat/embed/tomcat-embed-websocket/10.1.28/tomcat-embed-websocket-10.1.28.jar:/Users/mhmnazem/.m2/repository/org/springframework/spring-web/6.1.12/spring-web-6.1.12.jar:/Users/mhmnazem/.m2/repository/io/micrometer/micrometer-observation/1.12.9/micrometer-observation-1.12.9.jar:/Users/mhmnazem/.m2/repository/io/micrometer/micrometer-commons/1.12.9/micrometer-commons-1.12.9.jar:/Users/mhmnazem/.m2/repository/org/springframework/spring-webmvc/6.1.12/spring-webmvc-6.1.12.jar:/Users/mhmnazem/.m2/repository/org/springframework/boot/spring-boot-devtools/3.2.10-SNAPSHOT/spring-boot-devtools-3.2.10-SNAPSHOT.jar:/Users/mhmnazem/.m2/repository/org/springframework/boot/spring-boot/3.2.10-SNAPSHOT/spring-boot-3.2.10-SNAPSHOT.jar:/Users/mhmnazem/.m2/repository/org/springframework/boot/spring-boot-autoconfigure/3.2.10-SNAPSHOT/spring-boot-autoconfigure-3.2.10-SNAPSHOT.jar:/Users/mhmnazem/.m2/repository/com/h2database/h2/2.2.224/h2-2.2.224.jar:/Users/mhmnazem/.m2/repository/org/projectlombok/lombok/1.18.34/lombok-1.18.34.jar:/Users/mhmnazem/.m2/repository/org/springframework/boot/spring-boot-starter-test/3.2.10-SNAPSHOT/spring-boot-starter-test-3.2.10-SNAPSHOT.jar:/Users/mhmnazem/.m2/repository/org/springframework/boot/spring-boot-test/3.2.10-SNAPSHOT/spring-boot-test-3.2.10-SNAPSHOT.jar:/Users/mhmnazem/.m2/repository/org/springframework/boot/spring-boot-test-autoconfigure/3.2.10-SNAPSHOT/spring-boot-test-autoconfigure-3.2.10-SNAPSHOT.jar:/Users/mhmnazem/.m2/repository/com/jayway/jsonpath/json-path/2.9.0/json-path-2.9.0.jar:/Users/mhmnazem/.m2/repository/jakarta/xml/bind/jakarta.xml.bind-api/4.0.2/jakarta.xml.bind-api-4.0.2.jar:/Users/mhmnazem/.m2/repository/jakarta/activation/jakarta.activation-api/2.1.3/jakarta.activation-api-2.1.3.jar:/Users/mhmnazem/.m2/repository/net/minidev/json-smart/2.5.1/json-smart-2.5.1.jar:/Users/mhmnazem/.m2/repository/net/minidev/accessors-smart/2.5.1/accessors-smart-2.5.1.jar:/Users/mhmnazem/.m2/repository/org/ow2/asm/asm/9.6/asm-9.6.jar:/Users/mhmnazem/.m2/repository/org/assertj/assertj-core/3.24.2/assertj-core-3.24.2.jar:/Users/mhmnazem/.m2/repository/org/awaitility/awaitility/4.2.2/awaitility-4.2.2.jar:/Users/mhmnazem/.m2/repository/org/hamcrest/hamcrest/2.2/hamcrest-2.2.jar:/Users/mhmnazem/.m2/repository/org/junit/jupiter/junit-jupiter/5.10.3/junit-jupiter-5.10.3.jar:/Users/mhmnazem/.m2/repository/org/junit/jupiter/junit-jupiter-api/5.10.3/junit-jupiter-api-5.10.3.jar:/Users/mhmnazem/.m2/repository/org/opentest4j/opentest4j/1.3.0/opentest4j-1.3.0.jar:/Users/mhmnazem/.m2/repository/org/junit/platform/junit-platform-commons/1.10.3/junit-platform-commons-1.10.3.jar:/Users/mhmnazem/.m2/repository/org/apiguardian/apiguardian-api/1.1.2/apiguardian-api-1.1.2.jar:/Users/mhmnazem/.m2/repository/org/junit/jupiter/junit-jupiter-params/5.10.3/junit-jupiter-params-5.10.3.jar:/Users/mhmnazem/.m2/repository/org/junit/jupiter/junit-jupiter-engine/5.10.3/junit-jupiter-engine-5.10.3.jar:/Users/mhmnazem/.m2/repository/org/junit/platform/junit-platform-engine/1.10.3/junit-platform-engine-1.10.3.jar:/Users/mhmnazem/.m2/repository/org/mockito/mockito-core/5.7.0/mockito-core-5.7.0.jar:/Users/mhmnazem/.m2/repository/net/bytebuddy/byte-buddy-agent/1.14.19/byte-buddy-agent-1.14.19.jar:/Users/mhmnazem/.m2/repository/org/objenesis/objenesis/3.3/objenesis-3.3.jar:/Users/mhmnazem/.m2/repository/org/mockito/mockito-junit-jupiter/5.7.0/mockito-junit-jupiter-5.7.0.jar:/Users/mhmnazem/.m2/repository/org/skyscreamer/jsonassert/1.5.3/jsonassert-1.5.3.jar:/Users/mhmnazem/.m2/repository/com/vaadin/external/google/android-json/0.0.20131108.vaadin1/android-json-0.0.20131108.vaadin1.jar:/Users/mhmnazem/.m2/repository/org/springframework/spring-core/6.1.12/spring-core-6.1.12.jar:/Users/mhmnazem/.m2/repository/org/springframework/spring-jcl/6.1.12/spring-jcl-6.1.12.jar:/Users/mhmnazem/.m2/repository/org/springframework/spring-test/6.1.12/spring-test-6.1.12.jar:/Users/mhmnazem/.m2/repository/org/xmlunit/xmlunit-core/2.9.1/xmlunit-core-2.9.1.jar:/Users/mhmnazem/.m2/repository/org/springframework/security/spring-security-test/6.2.6/spring-security-test-6.2.6.jar:/Users/mhmnazem/.m2/repository/org/springframework/security/spring-security-core/6.2.6/spring-security-core-6.2.6.jar:/Users/mhmnazem/.m2/repository/org/springframework/security/spring-security-crypto/6.2.6/spring-security-crypto-6.2.6.jar:"/>
    <property name="sun.cpu.endian" value="little"/>
    <property name="user.home" value="/Users/mhmnazem"/>
    <property name="user.language" value="en"/>
    <property name="java.specification.vendor" value="Oracle Corporation"/>
    <property name="java.version.date" value="2023-07-18"/>
    <property name="java.home" value="/Library/Java/JavaVirtualMachines/jdk-17.0.8.jdk/Contents/Home"/>
    <property name="file.separator" value="/"/>
    <property name="basedir" value="/Users/mhmnazem/Developer/OrderManagement/order-management"/>
    <property name="java.vm.compressedOopsMode" value="Zero based"/>
    <property name="line.separator" value="&#10;"/>
    <property name="java.vm.specification.vendor" value="Oracle Corporation"/>
    <property name="java.specification.name" value="Java Platform API Specification"/>
    <property name="FILE_LOG_CHARSET" value="UTF-8"/>
    <property name="java.awt.headless" value="true"/>
    <property name="surefire.real.class.path" value="/Users/mhmnazem/Developer/OrderManagement/order-management/target/surefire/surefirebooter-20240822210745576_3.jar"/>
    <property name="sun.management.compiler" value="HotSpot 64-Bit Tiered Compilers"/>
    <property name="ftp.nonProxyHosts" value="local|*.local|169.254/16|*.169.254/16"/>
    <property name="java.runtime.version" value="17.0.8+9-LTS-211"/>
    <property name="user.name" value="mhmnazem"/>
    <property name="path.separator" value=":"/>
    <property name="os.version" value="14.6.1"/>
    <property name="java.runtime.name" value="Java(TM) SE Runtime Environment"/>
    <property name="file.encoding" value="UTF-8"/>
    <property name="java.vm.name" value="Java HotSpot(TM) 64-Bit Server VM"/>
    <property name="localRepository" value="/Users/mhmnazem/.m2/repository"/>
    <property name="java.vendor.url.bug" value="https://bugreport.java.com/bugreport/"/>
    <property name="java.io.tmpdir" value="/var/folders/_q/4jjlmcwd315g4hn_jlg58w140000gn/T/"/>
    <property name="idea.version" value="2024.1"/>
    <property name="com.zaxxer.hikari.pool_number" value="1"/>
    <property name="java.version" value="17.0.8"/>
    <property name="user.dir" value="/Users/mhmnazem/Developer/OrderManagement/order-management"/>
    <property name="os.arch" value="x86_64"/>
    <property name="java.vm.specification.name" value="Java Virtual Machine Specification"/>
    <property name="PID" value="20022"/>
    <property name="CONSOLE_LOG_CHARSET" value="UTF-8"/>
    <property name="native.encoding" value="UTF-8"/>
    <property name="java.library.path" value="/Users/mhmnazem/Library/Java/Extensions:/Library/Java/Extensions:/Network/Library/Java/Extensions:/System/Library/Java/Extensions:/usr/lib/java:."/>
    <property name="java.vm.info" value="mixed mode, sharing"/>
    <property name="java.vendor" value="Oracle Corporation"/>
    <property name="java.vm.version" value="17.0.8+9-LTS-211"/>
    <property name="sun.io.unicode.encoding" value="UnicodeBig"/>
    <property name="socksNonProxyHosts" value="local|*.local|169.254/16|*.169.254/16"/>
    <property name="java.class.version" value="61.0"/>
    <property name="LOGGED_APPLICATION_NAME" value="[order-management] "/>
  </properties>
  <testcase name="contextLoads" classname="com.example.order_management.OrderManagementApplicationTests" time="0.63">
    <system-out><![CDATA[21:07:46.388 [main] INFO org.springframework.test.context.support.AnnotationConfigContextLoaderUtils -- Could not detect default configuration classes for test class [com.example.order_management.OrderManagementApplicationTests]: OrderManagementApplicationTests does not declare any static, non-private, non-final, nested classes annotated with @Configuration.
21:07:46.502 [main] INFO org.springframework.boot.test.context.SpringBootTestContextBootstrapper -- Found @SpringBootConfiguration com.example.order_management.OrderManagementApplication for test class com.example.order_management.OrderManagementApplicationTests
21:07:46.685 [main] INFO org.springframework.boot.devtools.restart.RestartApplicationListener -- Restart disabled due to context in which it is running

  .   ____          _            __ _ _
 /\\ / ___'_ __ _ _(_)_ __  __ _ \ \ \ \
( ( )\___ | '_ | '_| | '_ \/ _` | \ \ \ \
 \\/  ___)| |_)| | | | | || (_| |  ) ) ) )
  '  |____| .__|_| |_|_| |_\__, | / / / /
 =========|_|==============|___/=/_/_/_/
 :: Spring Boot ::      (v3.2.10-SNAPSHOT)

2024-08-22T21:07:46.952+02:00  INFO 20022 --- [order-management] [           main] c.e.o.OrderManagementApplicationTests    : Starting OrderManagementApplicationTests using Java 17.0.8 with PID 20022 (started by mhmnazem in /Users/mhmnazem/Developer/OrderManagement/order-management)
2024-08-22T21:07:46.953+02:00  INFO 20022 --- [order-management] [           main] c.e.o.OrderManagementApplicationTests    : No active profile set, falling back to 1 default profile: "default"
2024-08-22T21:07:47.628+02:00  INFO 20022 --- [order-management] [           main] .s.d.r.c.RepositoryConfigurationDelegate : Bootstrapping Spring Data JPA repositories in DEFAULT mode.
2024-08-22T21:07:47.647+02:00  INFO 20022 --- [order-management] [           main] .s.d.r.c.RepositoryConfigurationDelegate : Finished Spring Data repository scanning in 11 ms. Found 0 JPA repository interfaces.
2024-08-22T21:07:48.071+02:00  INFO 20022 --- [order-management] [           main] com.zaxxer.hikari.HikariDataSource       : HikariPool-1 - Starting...
2024-08-22T21:07:48.269+02:00  INFO 20022 --- [order-management] [           main] com.zaxxer.hikari.pool.HikariPool        : HikariPool-1 - Added connection conn0: url=jdbc:h2:mem:bb9d85bc-4e2e-4885-9f0e-64eaec88da9f user=SA
2024-08-22T21:07:48.270+02:00  INFO 20022 --- [order-management] [           main] com.zaxxer.hikari.HikariDataSource       : HikariPool-1 - Start completed.
2024-08-22T21:07:48.315+02:00  INFO 20022 --- [order-management] [           main] o.hibernate.jpa.internal.util.LogHelper  : HHH000204: Processing PersistenceUnitInfo [name: default]
2024-08-22T21:07:48.383+02:00  INFO 20022 --- [order-management] [           main] org.hibernate.Version                    : HHH000412: Hibernate ORM core version 6.4.10.Final
2024-08-22T21:07:48.421+02:00  INFO 20022 --- [order-management] [           main] o.h.c.internal.RegionFactoryInitiator    : HHH000026: Second-level cache disabled
2024-08-22T21:07:48.689+02:00  INFO 20022 --- [order-management] [           main] o.s.o.j.p.SpringPersistenceUnitInfo      : No LoadTimeWeaver setup: ignoring JPA class transformer
2024-08-22T21:07:49.062+02:00  INFO 20022 --- [order-management] [           main] o.h.e.t.j.p.i.JtaPlatformInitiator       : HHH000489: No JTA platform available (set 'hibernate.transaction.jta.platform' to enable JTA platform integration)
2024-08-22T21:07:49.066+02:00  INFO 20022 --- [order-management] [           main] j.LocalContainerEntityManagerFactoryBean : Initialized JPA EntityManagerFactory for persistence unit 'default'
2024-08-22T21:07:49.207+02:00  WARN 20022 --- [order-management] [           main] JpaBaseConfiguration$JpaWebConfiguration : spring.jpa.open-in-view is enabled by default. Therefore, database queries may be performed during view rendering. Explicitly configure spring.jpa.open-in-view to disable this warning
2024-08-22T21:07:49.609+02:00  WARN 20022 --- [order-management] [           main] .s.s.UserDetailsServiceAutoConfiguration : 

Using generated security password: 021dedba-8f26-4a54-a9a2-2c3007bb4eba

This generated password is for development use only. Your security configuration must be updated before running your application in production.

2024-08-22T21:07:49.745+02:00  INFO 20022 --- [order-management] [           main] o.s.s.web.DefaultSecurityFilterChain     : Will secure any request with [org.springframework.security.web.session.DisableEncodeUrlFilter@6f67ece5, org.springframework.security.web.context.request.async.WebAsyncManagerIntegrationFilter@155c7eae, org.springframework.security.web.context.SecurityContextHolderFilter@7affee54, org.springframework.security.web.header.HeaderWriterFilter@186d6033, org.springframework.security.web.csrf.CsrfFilter@5cf3a7f9, org.springframework.security.web.authentication.logout.LogoutFilter@3211cc84, org.springframework.security.web.authentication.UsernamePasswordAuthenticationFilter@5f4df55e, org.springframework.security.web.authentication.ui.DefaultLoginPageGeneratingFilter@744fb110, org.springframework.security.web.authentication.ui.DefaultLogoutPageGeneratingFilter@5c9e6d95, org.springframework.security.web.authentication.www.BasicAuthenticationFilter@4af606e9, org.springframework.security.web.savedrequest.RequestCacheAwareFilter@2337bf27, org.springframework.security.web.servletapi.SecurityContextHolderAwareRequestFilter@43719e98, org.springframework.security.web.authentication.AnonymousAuthenticationFilter@5d00b469, org.springframework.security.web.access.ExceptionTranslationFilter@652a1a17, org.springframework.security.web.access.intercept.AuthorizationFilter@379b4e86]
2024-08-22T21:07:49.798+02:00  INFO 20022 --- [order-management] [           main] c.e.o.OrderManagementApplicationTests    : Started OrderManagementApplicationTests in 3.134 seconds (process running for 4.149)
]]></system-out>
  </testcase>
</testsuite>